<?xml version="1.0" encoding="UTF-8"?>
<!-- Generated by org.testng.reporters.JUnitXMLReporter -->
<testsuite ignored="0" hostname="LAPTOP-KA4538L7" failures="1" tests="1" name="TestNGTest" time="0.085" errors="0" timestamp="2020-11-18T17:20:15 IST">
  <testcase classname="test.test" name="logout" time="0.019">
    <failure type="java.lang.AssertionError" message="The following asserts failed:
	expected [false] but found [true]">
      <![CDATA[java.lang.AssertionError: The following asserts failed:
expected [false] but found [true]
at test.test.logout(test.java:28)
at java.base/java.util.ArrayList.forEach(ArrayList.java:1511)
... Removed 29 stack frames]]>
    </failure>
  </testcase> <!-- logout -->
</testsuite> <!-- TestNGTest -->
